E:\MB-WHL\WHL-SHARE\USBIP-WINDOWS-NEWDRIVER\DEBUG\CJSON.OBJ
E:\MB-WHL\whl-share\usbip-windows-newdriver\Debug\cl.command.1.tlog
E:\MB-WHL\whl-share\usbip-windows-newdriver\Debug\CL.read.1.tlog
E:\MB-WHL\whl-share\usbip-windows-newdriver\Debug\CL.write.1.tlog
E:\MB-WHL\WHL-SHARE\USBIP-WINDOWS-NEWDRIVER\DEBUG\GETOPT.OBJ
E:\MB-WHL\WHL-SHARE\USBIP-WINDOWS-NEWDRIVER\DEBUG\GETOPT_LONG.OBJ
E:\MB-WHL\whl-share\usbip-windows-newdriver\Debug\link.command.1.tlog
E:\MB-WHL\whl-share\usbip-windows-newdriver\Debug\link.read.1.tlog
E:\MB-WHL\whl-share\usbip-windows-newdriver\Debug\link.write.1.tlog
E:\MB-WHL\whl-share\usbip-windows-newdriver\Debug\link-cvtres.read.1.tlog
E:\MB-WHL\whl-share\usbip-windows-newdriver\Debug\link-cvtres.write.1.tlog
E:\MB-WHL\whl-share\usbip-windows-newdriver\Debug\mt.command.1.tlog
E:\MB-WHL\whl-share\usbip-windows-newdriver\Debug\mt.read.1.tlog
E:\MB-WHL\whl-share\usbip-windows-newdriver\Debug\mt.write.1.tlog
E:\MB-WHL\WHL-SHARE\USBIP-WINDOWS-NEWDRIVER\DEBUG\MYLOG.OBJ
E:\MB-WHL\whl-share\usbip-windows-newdriver\Debug\rc.command.1.tlog
E:\MB-WHL\whl-share\usbip-windows-newdriver\Debug\rc.read.1.tlog
E:\MB-WHL\whl-share\usbip-windows-newdriver\Debug\rc.write.1.tlog
E:\MB-WHL\WHL-SHARE\USBIP-WINDOWS-NEWDRIVER\DEBUG\USBIP.DLL
E:\MB-WHL\WHL-SHARE\USBIP-WINDOWS-NEWDRIVER\DEBUG\USBIP.DLL.INTERMEDIATE.MANIFEST
E:\MB-WHL\whl-share\usbip-windows-newdriver\Debug\usbip.exp
E:\MB-WHL\WHL-SHARE\USBIP-WINDOWS-NEWDRIVER\DEBUG\USBIP.ILK
E:\MB-WHL\whl-share\usbip-windows-newdriver\Debug\usbip.lib
E:\MB-WHL\WHL-SHARE\USBIP-WINDOWS-NEWDRIVER\DEBUG\USBIP.OBJ
E:\MB-WHL\WHL-SHARE\USBIP-WINDOWS-NEWDRIVER\DEBUG\USBIP.PDB
E:\MB-WHL\WHL-SHARE\USBIP-WINDOWS-NEWDRIVER\DEBUG\USBIP.RES
E:\MB-WHL\whl-share\usbip-windows-newdriver\Debug\usbip.vcxprojResolveAssemblyReference.cache
E:\MB-WHL\whl-share\usbip-windows-newdriver\Debug\usbip.write.1.tlog
E:\MB-WHL\WHL-SHARE\USBIP-WINDOWS-NEWDRIVER\DEBUG\USBIP_COMMON.OBJ
E:\MB-WHL\WHL-SHARE\USBIP-WINDOWS-NEWDRIVER\DEBUG\USBIP_FORWARD.OBJ
E:\MB-WHL\WHL-SHARE\USBIP-WINDOWS-NEWDRIVER\DEBUG\USBIP_MAIN.OBJ
E:\MB-WHL\WHL-SHARE\USBIP-WINDOWS-NEWDRIVER\DEBUG\USBIP_NETWORK.OBJ
E:\MB-WHL\WHL-SHARE\USBIP-WINDOWS-NEWDRIVER\DEBUG\USBIP_VBUS_UI.OBJ
E:\MB-WHL\WHL-SHARE\USBIP-WINDOWS-NEWDRIVER\DEBUG\USBIP_WUDEV.OBJ
E:\MB-WHL\whl-share\usbip-windows-newdriver\Debug\vc100.idb
E:\MB-WHL\WHL-SHARE\USBIP-WINDOWS-NEWDRIVER\DEBUG\VC100.PDB
