F:\MNT\共享文档\加载动态库\宁波银行动态库\USBIP加载_4_1906\USBIP-WINDOWS-NEWDRIVER\DEBUG\CJSON.OBJ
F:\mnt\共享文档\加载动态库\宁波银行动态库\usbip加载_4_1906\usbip-windows-newdriver\Debug\cl.command.1.tlog
F:\mnt\共享文档\加载动态库\宁波银行动态库\usbip加载_4_1906\usbip-windows-newdriver\Debug\CL.read.1.tlog
F:\mnt\共享文档\加载动态库\宁波银行动态库\usbip加载_4_1906\usbip-windows-newdriver\Debug\CL.write.1.tlog
F:\MNT\共享文档\加载动态库\宁波银行动态库\USBIP加载_4_1906\USBIP-WINDOWS-NEWDRIVER\DEBUG\GETOPT.OBJ
F:\MNT\共享文档\加载动态库\宁波银行动态库\USBIP加载_4_1906\USBIP-WINDOWS-NEWDRIVER\DEBUG\GETOPT_LONG.OBJ
F:\mnt\共享文档\加载动态库\宁波银行动态库\usbip加载_4_1906\usbip-windows-newdriver\Debug\link.command.1.tlog
F:\mnt\共享文档\加载动态库\宁波银行动态库\usbip加载_4_1906\usbip-windows-newdriver\Debug\link.read.1.tlog
F:\mnt\共享文档\加载动态库\宁波银行动态库\usbip加载_4_1906\usbip-windows-newdriver\Debug\link.write.1.tlog
F:\mnt\共享文档\加载动态库\宁波银行动态库\usbip加载_4_1906\usbip-windows-newdriver\Debug\link-cvtres.read.1.tlog
F:\mnt\共享文档\加载动态库\宁波银行动态库\usbip加载_4_1906\usbip-windows-newdriver\Debug\link-cvtres.write.1.tlog
F:\MNT\共享文档\加载动态库\宁波银行动态库\USBIP加载_4_1906\USBIP-WINDOWS-NEWDRIVER\DEBUG\MANAGE_SET_FILE.OBJ
F:\mnt\共享文档\加载动态库\宁波银行动态库\usbip加载_4_1906\usbip-windows-newdriver\Debug\mt.command.1.tlog
F:\mnt\共享文档\加载动态库\宁波银行动态库\usbip加载_4_1906\usbip-windows-newdriver\Debug\mt.read.1.tlog
F:\mnt\共享文档\加载动态库\宁波银行动态库\usbip加载_4_1906\usbip-windows-newdriver\Debug\mt.write.1.tlog
F:\MNT\共享文档\加载动态库\宁波银行动态库\USBIP加载_4_1906\USBIP-WINDOWS-NEWDRIVER\DEBUG\MYLOG.OBJ
F:\mnt\共享文档\加载动态库\宁波银行动态库\usbip加载_4_1906\usbip-windows-newdriver\Debug\rc.command.1.tlog
F:\mnt\共享文档\加载动态库\宁波银行动态库\usbip加载_4_1906\usbip-windows-newdriver\Debug\rc.read.1.tlog
F:\mnt\共享文档\加载动态库\宁波银行动态库\usbip加载_4_1906\usbip-windows-newdriver\Debug\rc.write.1.tlog
F:\MNT\共享文档\加载动态库\宁波银行动态库\USBIP加载_4_1906\USBIP-WINDOWS-NEWDRIVER\DEBUG\USBIP.DLL
F:\MNT\共享文档\加载动态库\宁波银行动态库\USBIP加载_4_1906\USBIP-WINDOWS-NEWDRIVER\DEBUG\USBIP.DLL.INTERMEDIATE.MANIFEST
F:\mnt\共享文档\加载动态库\宁波银行动态库\usbip加载_4_1906\usbip-windows-newdriver\Debug\usbip.exp
F:\MNT\共享文档\加载动态库\宁波银行动态库\USBIP加载_4_1906\USBIP-WINDOWS-NEWDRIVER\DEBUG\USBIP.ILK
F:\mnt\共享文档\加载动态库\宁波银行动态库\usbip加载_4_1906\usbip-windows-newdriver\Debug\usbip.lib
F:\MNT\共享文档\加载动态库\宁波银行动态库\USBIP加载_4_1906\USBIP-WINDOWS-NEWDRIVER\DEBUG\USBIP.OBJ
F:\MNT\共享文档\加载动态库\宁波银行动态库\USBIP加载_4_1906\USBIP-WINDOWS-NEWDRIVER\DEBUG\USBIP.PDB
F:\MNT\共享文档\加载动态库\宁波银行动态库\USBIP加载_4_1906\USBIP-WINDOWS-NEWDRIVER\DEBUG\USBIP.RES
F:\mnt\共享文档\加载动态库\宁波银行动态库\usbip加载_4_1906\usbip-windows-newdriver\Debug\usbip.vcxprojResolveAssemblyReference.cache
F:\mnt\共享文档\加载动态库\宁波银行动态库\usbip加载_4_1906\usbip-windows-newdriver\Debug\usbip.write.1.tlog
F:\MNT\共享文档\加载动态库\宁波银行动态库\USBIP加载_4_1906\USBIP-WINDOWS-NEWDRIVER\DEBUG\USBIP_COMMON.OBJ
F:\MNT\共享文档\加载动态库\宁波银行动态库\USBIP加载_4_1906\USBIP-WINDOWS-NEWDRIVER\DEBUG\USBIP_FORWARD.OBJ
F:\MNT\共享文档\加载动态库\宁波银行动态库\USBIP加载_4_1906\USBIP-WINDOWS-NEWDRIVER\DEBUG\USBIP_MAIN.OBJ
F:\MNT\共享文档\加载动态库\宁波银行动态库\USBIP加载_4_1906\USBIP-WINDOWS-NEWDRIVER\DEBUG\USBIP_NETWORK.OBJ
F:\MNT\共享文档\加载动态库\宁波银行动态库\USBIP加载_4_1906\USBIP-WINDOWS-NEWDRIVER\DEBUG\USBIP_VBUS_UI.OBJ
F:\MNT\共享文档\加载动态库\宁波银行动态库\USBIP加载_4_1906\USBIP-WINDOWS-NEWDRIVER\DEBUG\USBIP_WUDEV.OBJ
F:\mnt\共享文档\加载动态库\宁波银行动态库\usbip加载_4_1906\usbip-windows-newdriver\Debug\vc100.idb
F:\MNT\共享文档\加载动态库\宁波银行动态库\USBIP加载_4_1906\USBIP-WINDOWS-NEWDRIVER\DEBUG\VC100.PDB
