F:\MNT\共享文档\加载动态库\USBIP加载\USBIP-WINDOWS-NEWDRIVER\RELEASE\CJSON.OBJ
F:\mnt\共享文档\加载动态库\usbip加载\usbip-windows-newdriver\Release\cl.command.1.tlog
F:\mnt\共享文档\加载动态库\usbip加载\usbip-windows-newdriver\Release\CL.read.1.tlog
F:\mnt\共享文档\加载动态库\usbip加载\usbip-windows-newdriver\Release\CL.write.1.tlog
F:\MNT\共享文档\加载动态库\USBIP加载\USBIP-WINDOWS-NEWDRIVER\RELEASE\GETOPT.OBJ
F:\MNT\共享文档\加载动态库\USBIP加载\USBIP-WINDOWS-NEWDRIVER\RELEASE\GETOPT_LONG.OBJ
F:\mnt\共享文档\加载动态库\usbip加载\usbip-windows-newdriver\Release\link.command.1.tlog
F:\mnt\共享文档\加载动态库\usbip加载\usbip-windows-newdriver\Release\link.read.1.tlog
F:\mnt\共享文档\加载动态库\usbip加载\usbip-windows-newdriver\Release\link.write.1.tlog
F:\mnt\共享文档\加载动态库\usbip加载\usbip-windows-newdriver\Release\link-cvtres.read.1.tlog
F:\mnt\共享文档\加载动态库\usbip加载\usbip-windows-newdriver\Release\link-cvtres.write.1.tlog
F:\mnt\共享文档\加载动态库\usbip加载\usbip-windows-newdriver\Release\mt.command.1.tlog
F:\mnt\共享文档\加载动态库\usbip加载\usbip-windows-newdriver\Release\mt.read.1.tlog
F:\mnt\共享文档\加载动态库\usbip加载\usbip-windows-newdriver\Release\mt.write.1.tlog
F:\MNT\共享文档\加载动态库\USBIP加载\USBIP-WINDOWS-NEWDRIVER\RELEASE\MYLOG.OBJ
F:\mnt\共享文档\加载动态库\usbip加载\usbip-windows-newdriver\Release\rc.command.1.tlog
F:\mnt\共享文档\加载动态库\usbip加载\usbip-windows-newdriver\Release\rc.read.1.tlog
F:\mnt\共享文档\加载动态库\usbip加载\usbip-windows-newdriver\Release\rc.write.1.tlog
F:\MNT\共享文档\加载动态库\USBIP加载\USBIP-WINDOWS-NEWDRIVER\RELEASE\USBIP.DLL
F:\MNT\共享文档\加载动态库\USBIP加载\USBIP-WINDOWS-NEWDRIVER\RELEASE\USBIP.DLL.INTERMEDIATE.MANIFEST
F:\mnt\共享文档\加载动态库\usbip加载\usbip-windows-newdriver\Release\usbip.exp
F:\mnt\共享文档\加载动态库\usbip加载\usbip-windows-newdriver\Release\usbip.lib
F:\MNT\共享文档\加载动态库\USBIP加载\USBIP-WINDOWS-NEWDRIVER\RELEASE\USBIP.OBJ
F:\MNT\共享文档\加载动态库\USBIP加载\USBIP-WINDOWS-NEWDRIVER\RELEASE\USBIP.PDB
F:\MNT\共享文档\加载动态库\USBIP加载\USBIP-WINDOWS-NEWDRIVER\RELEASE\USBIP.RES
F:\mnt\共享文档\加载动态库\usbip加载\usbip-windows-newdriver\Release\usbip.write.1.tlog
F:\MNT\共享文档\加载动态库\USBIP加载\USBIP-WINDOWS-NEWDRIVER\RELEASE\USBIP_COMMON.OBJ
F:\MNT\共享文档\加载动态库\USBIP加载\USBIP-WINDOWS-NEWDRIVER\RELEASE\USBIP_FORWARD.OBJ
F:\MNT\共享文档\加载动态库\USBIP加载\USBIP-WINDOWS-NEWDRIVER\RELEASE\USBIP_MAIN.OBJ
F:\MNT\共享文档\加载动态库\USBIP加载\USBIP-WINDOWS-NEWDRIVER\RELEASE\USBIP_NETWORK.OBJ
F:\MNT\共享文档\加载动态库\USBIP加载\USBIP-WINDOWS-NEWDRIVER\RELEASE\USBIP_VBUS_UI.OBJ
F:\MNT\共享文档\加载动态库\USBIP加载\USBIP-WINDOWS-NEWDRIVER\RELEASE\USBIP_WUDEV.OBJ
F:\MNT\共享文档\加载动态库\USBIP加载\USBIP-WINDOWS-NEWDRIVER\RELEASE\VC100.PDB
