【2023-08-24 16:16:34.907|info|mqtt|qdfpcx】:流水号：068120000049_elecentfplist_917101447877_20230824161635,全电发票列表查询
【2023-08-24 16:16:36.965|info|TAXLIB|invoice_query by cookie:error】:406查询接口失败:<html>
<head><title>502 Bad Gateway</title></head>
<body>
<center><h1>502 Bad Gateway</h1></center>
<hr><center>stgw</center>
</body>
</html>
<!-- a padding to disable MSIE and Chrome friendly error page -->
<!-- a padding to disable MSIE and Chrome friendly error page -->
<!-- a padding to disable MSIE and Chrome friendly error page -->
<!-- a padding to disable MSIE and Chrome friendly error page -->
<!-- a padding to disable MSIE and Chrome friendly error page -->
<!-- a padding to disable MSIE and Chrome friendly error page -->


【2023-08-24 16:16:36.972|info|mqtt|qdfpcx】:流水号：068120000049_elecentfplist_917101447877_20230824161635,端口号8,全电发票查询失败
【2023-08-24 16:16:37.990|info|mqtt|qdgetcookies】:流水号：068120000049_elecserver_fa0533317b8635053ac14ab9eebd4e7c_20230824161638,全电获取cookies
【2023-08-24 16:16:41.751|info|mqtt|qdgetcookies】:流水号：068120000049_elecserver_fa0533317b8635053ac14ab9eebd4e7c_20230824161638,端口号8,全电获取cookies成功
【2023-08-24 16:16:42.053|info|mqtt|qdfpcx】:流水号：068120000049_elecentfplist_917101447877_20230824161642,全电发票列表查询
【2023-08-24 16:16:43.564|info|mqtt|qdfpcx】:流水号：068120000049_elecentfplist_917101447877_20230824161642,端口号8,全电发票查询成功
【2023-08-24 16:16:47.118|info|mqtt|qdfpcx】:流水号：068120000049_elecentfplist_917101447877_20230824161647,全电发票列表查询
【2023-08-24 16:16:49.004|info|mqtt|qdfpcx】:流水号：068120000049_elecentfplist_917101447877_20230824161647,端口号8,全电发票查询成功
【2023-08-24 16:16:52.194|info|mqtt|qdfpcx】:流水号：068120000049_elecentfplist_917101447877_20230824161652,全电发票列表查询
【2023-08-24 16:16:53.993|info|mqtt|qdfpcx】:流水号：068120000049_elecentfplist_917101447877_20230824161652,端口号8,全电发票查询成功
【2023-08-24 16:16:57.298|info|mqtt|qdfpcx】:流水号：068120000049_elecentfplist_917101447877_20230824161657,全电发票列表查询
【2023-08-24 16:16:59.249|info|mqtt|qdfpcx】:流水号：068120000049_elecentfplist_917101447877_20230824161657,端口号8,全电发票查询成功
【2023-08-24 16:17:02.402|info|mqtt|qdfpcx】:流水号：068120000049_elecentfplist_917101447877_20230824161702,全电发票列表查询
【2023-08-24 16:17:03.500|info|TAXLIB|invoice_query by cookie:error】:406初始化dppt服务器失败,错误状态为:-8
【2023-08-24 16:17:03.506|info|mqtt|qdfpcx】:流水号：068120000049_elecentfplist_917101447877_20230824161702,端口号8,全电发票查询失败
【2023-08-24 16:17:04.476|info|mqtt|qdgetcookies】:流水号：068120000049_elecserver_3de2a480ad2617ab9ebf6b1994d4dd2b_20230824161704,全电获取cookies
【2023-08-24 16:17:08.610|info|mqtt|qdgetcookies】:流水号：068120000049_elecserver_3de2a480ad2617ab9ebf6b1994d4dd2b_20230824161704,端口号8,全电获取cookies成功
【2023-08-24 16:17:09.567|info|mqtt|qdfpcx】:流水号：068120000049_elecentfplist_917101447877_20230824161709,全电发票列表查询
【2023-08-24 16:17:11.335|info|mqtt|qdfpcx】:流水号：068120000049_elecentfplist_917101447877_20230824161709,端口号8,全电发票查询成功
【2023-08-24 16:17:14.667|info|mqtt|qdfpcx】:流水号：068120000049_elecentfplist_917101447877_20230824161714,全电发票列表查询
【2023-08-24 16:17:16.226|info|TAXLIB|invoice_query by cookie:error】:406初始化dppt服务器失败,错误状态为:-8
【2023-08-24 16:17:16.233|info|mqtt|qdfpcx】:流水号：068120000049_elecentfplist_917101447877_20230824161714,端口号8,全电发票查询失败
【2023-08-24 16:17:16.723|info|mqtt|qdgetcookies】:流水号：068120000049_elecserver_d84cd0084c93876526e2e6ad61b0b911_20230824161717,全电获取cookies
【2023-08-24 16:17:20.231|info|mqtt|qdgetcookies】:流水号：068120000049_elecserver_d84cd0084c93876526e2e6ad61b0b911_20230824161717,端口号8,全电获取cookies成功
【2023-08-24 16:17:20.793|info|mqtt|qdfpcx】:流水号：068120000049_elecentfplist_917101447877_20230824161721,全电发票列表查询
【2023-08-24 16:17:22.718|info|mqtt|qdfpcx】:流水号：068120000049_elecentfplist_917101447877_20230824161721,端口号8,全电发票查询成功
【2023-08-24 16:17:25.886|info|mqtt|qdfpcx】:流水号：068120000049_elecentfplist_917101447877_20230824161726,全电发票列表查询
【2023-08-24 16:17:28.069|info|mqtt|qdfpcx】:流水号：068120000049_elecentfplist_917101447877_20230824161726,端口号8,全电发票查询成功
【2023-08-24 16:17:32.001|info|mqtt|qdfpcx】:流水号：068120000049_elecentfplist_917101447877_20230824161732,全电发票列表查询
【2023-08-24 16:17:34.240|info|mqtt|qdfpcx】:流水号：068120000049_elecentfplist_917101447877_20230824161732,端口号8,全电发票查询成功
【2023-08-24 16:18:30.019|info|TAXLIB|税盘读取版本号】:税盘读取的到版本:V1.0.24_ZS_20230228 动态库读取到的版本:V1.0.28_ZS_20230731
【2023-08-24 16:18:30.026|info|TAXLIB|税盘比较版本号】:税盘读取的到版本:V1.0.24.20230228 动态库读取到的版本:V1.0.28.20230731,Match:1
【2023-08-24 16:18:30.041|info|system|基础信息读取】:【端口号：14,盘号：517005881208,名称：山西晋睿博诚建筑工程有限公司】,税号：91140108MA0LU3YC2X,分机号：0,税盘类型：101  tax_read:0
【2023-08-24 16:18:30.518|info|SYSTEM|M服务查询同步】:【端口号：14,盘号：517005881208,名称：山西晋睿博诚建筑工程有限公司】,查询税盘发票同步信息,服务器应答处理失败
【2023-08-24 16:19:30.089|info|SYSTEM|M服务查询同步】:【端口号：14,盘号：517005881208,名称：山西晋睿博诚建筑工程有限公司】,查询税盘发票同步信息,服务器应答处理失败
【2023-08-24 16:20:30.089|info|SYSTEM|M服务查询同步】:【端口号：14,盘号：517005881208,名称：山西晋睿博诚建筑工程有限公司】,查询税盘发票同步信息,服务器应答处理失败
【2023-08-24 16:21:21.635|info|mqtt|mqttgetclienthello】:流水号：068120000049_eleclienthello_20230824162122,获取clienthello
【2023-08-24 16:21:21.762|info|mqtt|mqttgetclienthello】:流水号：068120000049_eleclienthello_20230824162122,获取clienthello成功
【2023-08-24 16:21:22.843|info|mqtt|mqttgetclientauth】:流水号：068120000049_eleclientauth_20230824162124,获取clientauth
【2023-08-24 16:21:22.970|info|mqtt|mqttgetclientauth】:流水号：068120000049_eleclientauth_20230824162124,获取clientauth失败
【2023-08-24 16:21:30.089|info|SYSTEM|M服务查询同步】:【端口号：14,盘号：517005881208,名称：山西晋睿博诚建筑工程有限公司】,查询税盘发票同步信息,服务器应答处理失败
【2023-08-24 16:21:57.492|info|mqtt|mqttgetclienthello】:流水号：068120000049_eleclienthello_20230824162158,获取clienthello
【2023-08-24 16:21:57.614|info|mqtt|mqttgetclienthello】:流水号：068120000049_eleclienthello_20230824162158,获取clienthello成功
【2023-08-24 16:21:58.630|info|mqtt|mqttgetclientauth】:流水号：068120000049_eleclientauth_20230824162159,获取clientauth
【2023-08-24 16:21:58.753|info|mqtt|mqttgetclientauth】:流水号：068120000049_eleclientauth_20230824162159,获取clientauth失败
【2023-08-24 16:22:30.089|info|SYSTEM|M服务查询同步】:【端口号：14,盘号：517005881208,名称：山西晋睿博诚建筑工程有限公司】,查询税盘发票同步信息,服务器应答处理失败
【2023-08-24 16:22:40.150|info|mqtt|qdfpcx】:流水号：068120000049_elecentfplist_917101447877_20230824162240,全电发票列表查询
【2023-08-24 16:22:41.932|info|mqtt|qdfpcx】:流水号：068120000049_elecentfplist_917101447877_20230824162240,端口号8,全电发票查询成功
【2023-08-24 16:22:45.292|info|mqtt|qdfpcx】:流水号：068120000049_elecentfplist_917101447877_20230824162245,全电发票列表查询
【2023-08-24 16:22:47.480|info|mqtt|qdfpcx】:流水号：068120000049_elecentfplist_917101447877_20230824162245,端口号8,全电发票查询成功
【2023-08-24 16:22:51.395|info|mqtt|qdfpcx】:流水号：068120000049_elecentfplist_917101447877_20230824162251,全电发票列表查询
【2023-08-24 16:22:53.076|info|mqtt|qdfpcx】:流水号：068120000049_elecentfplist_917101447877_20230824162251,端口号8,全电发票查询成功
【2023-08-24 16:22:56.509|info|mqtt|qdfpcx】:流水号：068120000049_elecentfplist_917101447877_20230824162256,全电发票列表查询
【2023-08-24 16:22:57.744|info|TAXLIB|invoice_query by cookie:error】:406初始化dppt服务器失败,错误状态为:-8
【2023-08-24 16:22:57.751|info|mqtt|qdfpcx】:流水号：068120000049_elecentfplist_917101447877_20230824162256,端口号8,全电发票查询失败
【2023-08-24 16:23:01.628|info|mqtt|qdgetcookies】:流水号：068120000049_elecserver_d974b29c90402edfe42c00c6af3413e7_20230824162301,全电获取cookies
【2023-08-24 16:23:04.562|info|TAXLIB|get cookie:error:】:306接口请求失败,请检查请求参数后再次请求
【2023-08-24 16:23:04.569|info|mqtt|qdgetcookies】:流水号：068120000049_elecserver_d974b29c90402edfe42c00c6af3413e7_20230824162301,端口号8,全电获取cookies失败
【2023-08-24 16:23:07.781|info|mqtt|qdgetcookies】:流水号：068120000049_elecserver_cb42e5f40842c843e6ffb22229807608_20230824162308,全电获取cookies
【2023-08-24 16:23:12.075|info|mqtt|qdgetcookies】:流水号：068120000049_elecserver_cb42e5f40842c843e6ffb22229807608_20230824162308,端口号8,全电获取cookies成功
【2023-08-24 16:23:12.917|info|mqtt|qdfpcx】:流水号：068120000049_elecentfplist_917101447877_20230824162313,全电发票列表查询
【2023-08-24 16:23:14.136|info|TAXLIB|invoice_query by cookie:error】:406初始化dppt服务器失败,错误状态为:-8
【2023-08-24 16:23:14.143|info|mqtt|qdfpcx】:流水号：068120000049_elecentfplist_917101447877_20230824162313,端口号8,全电发票查询失败
【2023-08-24 16:23:18.030|info|mqtt|qdgetcookies】:流水号：068120000049_elecserver_55ff95eebe241043319f04f8543ed11c_20230824162318,全电获取cookies
【2023-08-24 16:23:22.418|info|mqtt|qdgetcookies】:流水号：068120000049_elecserver_55ff95eebe241043319f04f8543ed11c_20230824162318,端口号8,全电获取cookies成功
【2023-08-24 16:23:23.110|info|mqtt|qdfpcx】:流水号：068120000049_elecentfplist_917101447877_20230824162323,全电发票列表查询
【2023-08-24 16:23:24.780|info|mqtt|qdfpcx】:流水号：068120000049_elecentfplist_917101447877_20230824162323,端口号8,全电发票查询成功
【2023-08-24 16:23:28.239|info|mqtt|qdfpcx】:流水号：068120000049_elecentfplist_917101447877_20230824162328,全电发票列表查询
【2023-08-24 16:23:29.546|info|TAXLIB|invoice_query by cookie:error】:406初始化dppt服务器失败,错误状态为:-8
【2023-08-24 16:23:29.553|info|mqtt|qdfpcx】:流水号：068120000049_elecentfplist_917101447877_20230824162328,端口号8,全电发票查询失败
【2023-08-24 16:23:30.089|info|SYSTEM|M服务查询同步】:【端口号：14,盘号：517005881208,名称：山西晋睿博诚建筑工程有限公司】,查询税盘发票同步信息,服务器应答处理失败
【2023-08-24 16:23:33.315|info|mqtt|qdgetcookies】:流水号：068120000049_elecserver_2f99cbaf936473a025efca78c727fb18_20230824162333,全电获取cookies
【2023-08-24 16:23:36.126|info|TAXLIB|get cookie:error:】:306接口请求失败,请检查请求参数后再次请求
【2023-08-24 16:23:36.133|info|mqtt|qdgetcookies】:流水号：068120000049_elecserver_2f99cbaf936473a025efca78c727fb18_20230824162333,端口号8,全电获取cookies失败
【2023-08-24 16:24:30.089|info|SYSTEM|M服务查询同步】:【端口号：14,盘号：517005881208,名称：山西晋睿博诚建筑工程有限公司】,查询税盘发票同步信息,服务器应答处理失败
【2023-08-24 16:24:42.039|info|mqtt|mqttgetclienthello】:流水号：068120000049_eleclienthello_20230824162443,获取clienthello
【2023-08-24 16:24:42.161|info|mqtt|mqttgetclienthello】:流水号：068120000049_eleclienthello_20230824162443,获取clienthello成功
【2023-08-24 16:24:43.185|info|mqtt|mqttgetclientauth】:流水号：068120000049_eleclientauth_20230824162444,获取clientauth
【2023-08-24 16:24:43.308|info|mqtt|mqttgetclientauth】:流水号：068120000049_eleclientauth_20230824162444,获取clientauth失败
【2023-08-24 16:24:47.971|info|mqtt|qdgetcookies】:流水号：068120000049_elecserver_506375d90509b6f4bd0fba0e59348a71_20230824162448,全电获取cookies
【2023-08-24 16:24:52.074|info|mqtt|qdgetcookies】:流水号：068120000049_elecserver_506375d90509b6f4bd0fba0e59348a71_20230824162448,端口号8,全电获取cookies成功
【2023-08-24 16:24:53.085|info|mqtt|qdfpcx】:流水号：068120000049_elecentfplist_917101447877_20230824162453,全电发票列表查询
【2023-08-24 16:24:55.094|info|mqtt|qdfpcx】:流水号：068120000049_elecentfplist_917101447877_20230824162453,端口号8,全电发票查询成功
【2023-08-24 16:24:58.203|info|mqtt|qdfpcx】:流水号：068120000049_elecentfplist_917101447877_20230824162458,全电发票列表查询
【2023-08-24 16:24:59.783|info|mqtt|qdfpcx】:流水号：068120000049_elecentfplist_917101447877_20230824162458,端口号8,全电发票查询成功
【2023-08-24 16:25:03.284|info|mqtt|qdfpcx】:流水号：068120000049_elecentfplist_917101447877_20230824162503,全电发票列表查询
【2023-08-24 16:25:05.430|info|mqtt|qdfpcx】:流水号：068120000049_elecentfplist_917101447877_20230824162503,端口号8,全电发票查询成功
【2023-08-24 16:25:09.383|info|mqtt|qdfpcx】:流水号：068120000049_elecentfplist_917101447877_20230824162509,全电发票列表查询
【2023-08-24 16:25:11.073|info|mqtt|qdfpcx】:流水号：068120000049_elecentfplist_917101447877_20230824162509,端口号8,全电发票查询成功
【2023-08-24 16:25:14.461|info|mqtt|qdfpcx】:流水号：068120000049_elecentfplist_917101447877_20230824162514,全电发票列表查询
【2023-08-24 16:25:15.935|info|mqtt|qdfpcx】:流水号：068120000049_elecentfplist_917101447877_20230824162514,端口号8,全电发票查询成功
【2023-08-24 16:25:19.542|info|mqtt|qdfpcx】:流水号：068120000049_elecentfplist_917101447877_20230824162519,全电发票列表查询
【2023-08-24 16:25:21.687|info|mqtt|qdfpcx】:流水号：068120000049_elecentfplist_917101447877_20230824162519,端口号8,全电发票查询成功
【2023-08-24 16:25:25.633|info|mqtt|qdfpcx】:流水号：068120000049_elecentfplist_917101447877_20230824162525,全电发票列表查询
【2023-08-24 16:25:27.044|info|mqtt|qdfpcx】:流水号：068120000049_elecentfplist_917101447877_20230824162525,端口号8,全电发票查询成功
【2023-08-24 16:25:30.089|info|SYSTEM|M服务查询同步】:【端口号：14,盘号：517005881208,名称：山西晋睿博诚建筑工程有限公司】,查询税盘发票同步信息,服务器应答处理失败
【2023-08-24 16:25:30.724|info|mqtt|qdfpcx】:流水号：068120000049_elecentfplist_917101447877_20230824162531,全电发票列表查询
【2023-08-24 16:25:32.380|info|mqtt|qdfpcx】:流水号：068120000049_elecentfplist_917101447877_20230824162531,端口号8,全电发票查询成功
【2023-08-24 16:25:35.803|info|mqtt|qdfpcx】:流水号：068120000049_elecentfplist_917101447877_20230824162536,全电发票列表查询
【2023-08-24 16:25:37.244|info|mqtt|qdfpcx】:流水号：068120000049_elecentfplist_917101447877_20230824162536,端口号8,全电发票查询成功
【2023-08-24 16:25:40.904|info|mqtt|qdfpcx】:流水号：068120000049_elecentfplist_917101447877_20230824162541,全电发票列表查询
【2023-08-24 16:25:43.150|info|mqtt|qdfpcx】:流水号：068120000049_elecentfplist_917101447877_20230824162541,端口号8,全电发票查询成功
【2023-08-24 16:25:46.999|info|mqtt|qdfpcx】:流水号：068120000049_elecentfplist_917101447877_20230824162547,全电发票列表查询
【2023-08-24 16:25:48.298|info|mqtt|mqttgetclienthello】:流水号：068120000049_eleclienthello_20230824162549,获取clienthello
【2023-08-24 16:25:48.421|info|mqtt|mqttgetclienthello】:流水号：068120000049_eleclienthello_20230824162549,获取clienthello成功
【2023-08-24 16:25:48.910|info|mqtt|qdfpcx】:流水号：068120000049_elecentfplist_917101447877_20230824162547,端口号8,全电发票查询成功
【2023-08-24 16:25:52.108|info|mqtt|qdfpcx】:流水号：068120000049_elecentfplist_917101447877_20230824162552,全电发票列表查询
【2023-08-24 16:25:54.266|info|mqtt|qdfpcx】:流水号：068120000049_elecentfplist_917101447877_20230824162552,端口号8,全电发票查询成功
【2023-08-24 16:25:58.215|info|mqtt|qdfpcx】:流水号：068120000049_elecentfplist_917101447877_20230824162558,全电发票列表查询
【2023-08-24 16:26:00.084|info|mqtt|qdfpcx】:流水号：068120000049_elecentfplist_917101447877_20230824162558,端口号8,全电发票查询成功
【2023-08-24 16:26:03.304|info|mqtt|qdfpcx】:流水号：068120000049_elecentfplist_917101447877_20230824162603,全电发票列表查询
【2023-08-24 16:26:04.790|info|mqtt|qdfpcx】:流水号：068120000049_elecentfplist_917101447877_20230824162603,端口号8,全电发票查询成功
【2023-08-24 16:26:08.394|info|mqtt|qdfpcx】:流水号：068120000049_elecentfplist_917101447877_20230824162608,全电发票列表查询
【2023-08-24 16:26:09.884|info|mqtt|qdfpcx】:流水号：068120000049_elecentfplist_917101447877_20230824162608,端口号8,全电发票查询成功
【2023-08-24 16:26:13.487|info|mqtt|qdfpcx】:流水号：068120000049_elecentfplist_917101447877_20230824162613,全电发票列表查询
【2023-08-24 16:26:14.968|info|mqtt|qdfpcx】:流水号：068120000049_elecentfplist_917101447877_20230824162613,端口号8,全电发票查询成功
【2023-08-24 16:26:18.567|info|mqtt|qdfpcx】:流水号：068120000049_elecentfplist_917101447877_20230824162618,全电发票列表查询
【2023-08-24 16:26:20.043|info|mqtt|qdfpcx】:流水号：068120000049_elecentfplist_917101447877_20230824162618,端口号8,全电发票查询成功
【2023-08-24 16:26:23.660|info|mqtt|qdfpcx】:流水号：068120000049_elecentfplist_917101447877_20230824162623,全电发票列表查询
【2023-08-24 16:26:25.276|info|mqtt|qdfpcx】:流水号：068120000049_elecentfplist_917101447877_20230824162623,端口号8,全电发票查询成功
【2023-08-24 16:26:28.757|info|mqtt|qdfpcx】:流水号：068120000049_elecentfplist_917101447877_20230824162629,全电发票列表查询
【2023-08-24 16:26:30.089|info|SYSTEM|M服务查询同步】:【端口号：14,盘号：517005881208,名称：山西晋睿博诚建筑工程有限公司】,查询税盘发票同步信息,服务器应答处理失败
【2023-08-24 16:26:30.514|info|mqtt|qdfpcx】:流水号：068120000049_elecentfplist_917101447877_20230824162629,端口号8,全电发票查询成功
【2023-08-24 16:26:33.851|info|mqtt|qdfpcx】:流水号：068120000049_elecentfplist_917101447877_20230824162634,全电发票列表查询
【2023-08-24 16:26:35.539|info|mqtt|qdfpcx】:流水号：068120000049_elecentfplist_917101447877_20230824162634,端口号8,全电发票查询成功
【2023-08-24 16:26:38.941|info|mqtt|qdfpcx】:流水号：068120000049_elecentfplist_917101447877_20230824162639,全电发票列表查询
【2023-08-24 16:26:40.343|info|mqtt|qdfpcx】:流水号：068120000049_elecentfplist_917101447877_20230824162639,端口号8,全电发票查询成功
【2023-08-24 16:26:44.028|info|mqtt|qdfpcx】:流水号：068120000049_elecentfplist_917101447877_20230824162644,全电发票列表查询
【2023-08-24 16:26:45.672|info|mqtt|qdfpcx】:流水号：068120000049_elecentfplist_917101447877_20230824162644,端口号8,全电发票查询成功
【2023-08-24 16:26:49.117|info|mqtt|qdfpcx】:流水号：068120000049_elecentfplist_917101447877_20230824162649,全电发票列表查询
【2023-08-24 16:26:51.007|info|mqtt|qdfpcx】:流水号：068120000049_elecentfplist_917101447877_20230824162649,端口号8,全电发票查询成功
【2023-08-24 16:26:54.280|info|mqtt|qdfpcx】:流水号：068120000049_elecentfplist_917101447877_20230824162654,全电发票列表查询
【2023-08-24 16:26:56.010|info|mqtt|qdfpcx】:流水号：068120000049_elecentfplist_917101447877_20230824162654,端口号8,全电发票查询成功
【2023-08-24 16:26:59.398|info|mqtt|qdfpcx】:流水号：068120000049_elecentfplist_917101447877_20230824162659,全电发票列表查询
【2023-08-24 16:27:00.892|info|mqtt|qdfpcx】:流水号：068120000049_elecentfplist_917101447877_20230824162659,端口号8,全电发票查询成功
【2023-08-24 16:27:04.485|info|mqtt|qdfpcx】:流水号：068120000049_elecentfplist_917101447877_20230824162704,全电发票列表查询
【2023-08-24 16:27:06.193|info|TAXLIB|invoice_query by cookie:error】:406查询接口失败:<html>
<head><title>502 Bad Gateway</title></head>
<body>
<center><h1>502 Bad Gateway</h1></center>
<hr><center>stgw</center>
</body>
</html>
<!-- a padding to disable MSIE and Chrome friendly error page -->
<!-- a padding to disable MSIE and Chrome friendly error page -->
<!-- a padding to disable MSIE and Chrome friendly error page -->
<!-- a padding to disable MSIE and Chrome friendly error page -->
<!-- a padding to disable MSIE and Chrome friendly error page -->
<!-- a padding to disable MSIE and Chrome friendly error page -->


【2023-08-24 16:27:06.200|info|mqtt|qdfpcx】:流水号：068120000049_elecentfplist_917101447877_20230824162704,端口号8,全电发票查询失败
【2023-08-24 16:27:06.566|info|mqtt|qdgetcookies】:流水号：068120000049_elecserver_806ad6f005532168dae207deec3420bc_20230824162706,全电获取cookies
【2023-08-24 16:27:09.894|info|TAXLIB|get cookie:error:】:306接口请求失败,请检查请求参数后再次请求
【2023-08-24 16:27:09.901|info|mqtt|qdgetcookies】:流水号：068120000049_elecserver_806ad6f005532168dae207deec3420bc_20230824162706,端口号8,全电获取cookies失败
【2023-08-24 16:27:13.721|info|mqtt|qdgetcookies】:流水号：068120000049_elecserver_249bdb7973edbf854b75f5039715dee9_20230824162714,全电获取cookies
【2023-08-24 16:27:17.128|info|mqtt|qdgetcookies】:流水号：068120000049_elecserver_249bdb7973edbf854b75f5039715dee9_20230824162714,端口号8,全电获取cookies成功
【2023-08-24 16:27:17.784|info|mqtt|qdfpcx】:流水号：068120000049_elecentfplist_917101447877_20230824162718,全电发票列表查询
【2023-08-24 16:27:19.264|info|TAXLIB|invoice_query by cookie:error】:406查询接口失败:<html>
<head><title>502 Bad Gateway</title></head>
<body>
<center><h1>502 Bad Gateway</h1></center>
<hr><center>stgw</center>
</body>
</html>
<!-- a padding to disable MSIE and Chrome friendly error page -->
<!-- a padding to disable MSIE and Chrome friendly error page -->
<!-- a padding to disable MSIE and Chrome friendly error page -->
<!-- a padding to disable MSIE and Chrome friendly error page -->
<!-- a padding to disable MSIE and Chrome friendly error page -->
<!-- a padding to disable MSIE and Chrome friendly error page -->


【2023-08-24 16:27:19.271|info|mqtt|qdfpcx】:流水号：068120000049_elecentfplist_917101447877_20230824162718,端口号8,全电发票查询失败
【2023-08-24 16:27:19.846|info|mqtt|qdgetcookies】:流水号：068120000049_elecserver_47df12721309028cda4f8469129590fc_20230824162720,全电获取cookies
【2023-08-24 16:27:23.493|info|TAXLIB|get cookie:error:】:306接口请求失败,请检查请求参数后再次请求
【2023-08-24 16:27:23.500|info|mqtt|qdgetcookies】:流水号：068120000049_elecserver_47df12721309028cda4f8469129590fc_20230824162720,端口号8,全电获取cookies失败
【2023-08-24 16:27:26.980|info|mqtt|qdgetcookies】:流水号：068120000049_elecserver_22bb2ee283ccb5112aeeadff783a3a6a_20230824162727,全电获取cookies
【2023-08-24 16:27:30.090|info|SYSTEM|M服务查询同步】:【端口号：14,盘号：517005881208,名称：山西晋睿博诚建筑工程有限公司】,查询税盘发票同步信息,服务器应答处理失败
【2023-08-24 16:27:32.150|info|mqtt|qdgetcookies】:流水号：068120000049_elecserver_22bb2ee283ccb5112aeeadff783a3a6a_20230824162727,端口号8,全电获取cookies成功
【2023-08-24 16:27:33.066|info|mqtt|qdfpcx】:流水号：068120000049_elecentfplist_917101447877_20230824162733,全电发票列表查询
【2023-08-24 16:27:34.859|info|mqtt|qdfpcx】:流水号：068120000049_elecentfplist_917101447877_20230824162733,端口号8,全电发票查询成功
【2023-08-24 16:27:36.607|info|mqtt|mqttgetclienthello】:流水号：068120000049_eleclienthello_20230824162737,获取clienthello
【2023-08-24 16:27:36.729|info|mqtt|mqttgetclienthello】:流水号：068120000049_eleclienthello_20230824162737,获取clienthello成功
【2023-08-24 16:27:38.159|info|mqtt|qdfpcx】:流水号：068120000049_elecentfplist_917101447877_20230824162738,全电发票列表查询
【2023-08-24 16:27:39.553|info|TAXLIB|invoice_query by cookie:error】:406初始化dppt服务器失败,错误状态为:-8
【2023-08-24 16:27:39.560|info|mqtt|qdfpcx】:流水号：068120000049_elecentfplist_917101447877_20230824162738,端口号8,全电发票查询失败
【2023-08-24 16:27:40.264|info|mqtt|qdgetcookies】:流水号：068120000049_elecserver_a3754bfa6beaa58b1ff7e3fbaa68817b_20230824162740,全电获取cookies
【2023-08-24 16:27:44.583|info|mqtt|qdgetcookies】:流水号：068120000049_elecserver_a3754bfa6beaa58b1ff7e3fbaa68817b_20230824162740,端口号8,全电获取cookies成功
【2023-08-24 16:27:44.677|info|mqtt|mqttgetclientauth】:流水号：068120000049_eleclientauth_20230824162745,获取clientauth
【2023-08-24 16:27:44.799|info|mqtt|mqttgetclientauth】:流水号：068120000049_eleclientauth_20230824162745,获取clientauth失败
【2023-08-24 16:27:45.350|info|mqtt|qdfpcx】:流水号：068120000049_elecentfplist_917101447877_20230824162745,全电发票列表查询
【2023-08-24 16:27:47.003|info|mqtt|qdfpcx】:流水号：068120000049_elecentfplist_917101447877_20230824162745,端口号8,全电发票查询成功
【2023-08-24 16:27:50.440|info|mqtt|qdfpcx】:流水号：068120000049_elecentfplist_917101447877_20230824162750,全电发票列表查询
【2023-08-24 16:27:52.251|info|mqtt|qdfpcx】:流水号：068120000049_elecentfplist_917101447877_20230824162750,端口号8,全电发票查询成功
【2023-08-24 16:27:55.529|info|mqtt|qdfpcx】:流水号：068120000049_elecentfplist_917101447877_20230824162755,全电发票列表查询
【2023-08-24 16:27:56.985|info|TAXLIB|invoice_query by cookie:error】:406查询接口失败:<html>
<head><title>502 Bad Gateway</title></head>
<body>
<center><h1>502 Bad Gateway</h1></center>
<hr><center>stgw</center>
</body>
</html>
<!-- a padding to disable MSIE and Chrome friendly error page -->
<!-- a padding to disable MSIE and Chrome friendly error page -->
<!-- a padding to disable MSIE and Chrome friendly error page -->
<!-- a padding to disable MSIE and Chrome friendly error page -->
<!-- a padding to disable MSIE and Chrome friendly error page -->
<!-- a padding to disable MSIE and Chrome friendly error page -->


【2023-08-24 16:27:56.993|info|mqtt|qdfpcx】:流水号：068120000049_elecentfplist_917101447877_20230824162755,端口号8,全电发票查询失败
【2023-08-24 16:27:57.603|info|mqtt|qdgetcookies】:流水号：068120000049_elecserver_d6dfe384020034a152854e67cbe9b450_20230824162757,全电获取cookies
【2023-08-24 16:28:02.055|info|mqtt|qdgetcookies】:流水号：068120000049_elecserver_d6dfe384020034a152854e67cbe9b450_20230824162757,端口号8,全电获取cookies成功
【2023-08-24 16:28:02.701|info|mqtt|qdfpcx】:流水号：068120000049_elecentfplist_917101447877_20230824162803,全电发票列表查询
【2023-08-24 16:28:04.258|info|mqtt|qdfpcx】:流水号：068120000049_elecentfplist_917101447877_20230824162803,端口号8,全电发票查询成功
【2023-08-24 16:28:07.778|info|mqtt|qdfpcx】:流水号：068120000049_elecentfplist_917101447877_20230824162808,全电发票列表查询
【2023-08-24 16:28:09.865|info|mqtt|qdfpcx】:流水号：068120000049_elecentfplist_917101447877_20230824162808,端口号8,全电发票查询成功
【2023-08-24 16:28:13.890|info|mqtt|qdfpcx】:流水号：068120000049_elecentfplist_917101447877_20230824162814,全电发票列表查询
【2023-08-24 16:28:15.702|info|mqtt|qdfpcx】:流水号：068120000049_elecentfplist_917101447877_20230824162814,端口号8,全电发票查询成功
【2023-08-24 16:28:18.955|info|mqtt|qdfpcx】:流水号：068120000049_elecentfplist_917101447877_20230824162819,全电发票列表查询
【2023-08-24 16:28:21.568|info|mqtt|qdfpcx】:流水号：068120000049_elecentfplist_917101447877_20230824162819,端口号8,全电发票查询成功
【2023-08-24 16:28:25.108|info|mqtt|qdfpcx】:流水号：068120000049_elecentfplist_917101447877_20230824162825,全电发票列表查询
【2023-08-24 16:28:27.492|info|mqtt|qdfpcx】:流水号：068120000049_elecentfplist_917101447877_20230824162825,端口号8,全电发票查询成功
【2023-08-24 16:28:30.089|info|SYSTEM|M服务查询同步】:【端口号：14,盘号：517005881208,名称：山西晋睿博诚建筑工程有限公司】,查询税盘发票同步信息,服务器应答处理失败
【2023-08-24 16:28:31.194|info|mqtt|qdfpcx】:流水号：068120000049_elecentfplist_917101447877_20230824162831,全电发票列表查询
【2023-08-24 16:28:32.948|info|mqtt|qdfpcx】:流水号：068120000049_elecentfplist_917101447877_20230824162831,端口号8,全电发票查询成功
【2023-08-24 16:28:36.303|info|mqtt|qdfpcx】:流水号：068120000049_elecentfplist_917101447877_20230824162836,全电发票列表查询
【2023-08-24 16:28:38.059|info|mqtt|qdfpcx】:流水号：068120000049_elecentfplist_917101447877_20230824162836,端口号8,全电发票查询成功
【2023-08-24 16:28:41.384|info|mqtt|qdfpcx】:流水号：068120000049_elecentfplist_917101447877_20230824162841,全电发票列表查询
【2023-08-24 16:28:43.043|info|mqtt|qdfpcx】:流水号：068120000049_elecentfplist_917101447877_20230824162841,端口号8,全电发票查询成功
【2023-08-24 16:28:46.462|info|mqtt|qdfpcx】:流水号：068120000049_elecentfplist_917101447877_20230824162846,全电发票列表查询
【2023-08-24 16:28:48.371|info|mqtt|qdfpcx】:流水号：068120000049_elecentfplist_917101447877_20230824162846,端口号8,全电发票查询成功
【2023-08-24 16:28:51.554|info|mqtt|qdfpcx】:流水号：068120000049_elecentfplist_917101447877_20230824162851,全电发票列表查询
【2023-08-24 16:28:53.016|info|mqtt|qdfpcx】:流水号：068120000049_elecentfplist_917101447877_20230824162851,端口号8,全电发票查询成功
【2023-08-24 16:28:56.659|info|mqtt|qdfpcx】:流水号：068120000049_elecentfplist_917101447877_20230824162856,全电发票列表查询
【2023-08-24 16:28:58.244|info|mqtt|qdfpcx】:流水号：068120000049_elecentfplist_917101447877_20230824162856,端口号8,全电发票查询成功
【2023-08-24 16:29:01.771|info|mqtt|qdfpcx】:流水号：068120000049_elecentfplist_917101447877_20230824162902,全电发票列表查询
【2023-08-24 16:29:03.677|info|mqtt|qdfpcx】:流水号：068120000049_elecentfplist_917101447877_20230824162902,端口号8,全电发票查询成功
【2023-08-24 16:29:06.859|info|mqtt|qdfpcx】:流水号：068120000049_elecentfplist_917101447877_20230824162907,全电发票列表查询
【2023-08-24 16:29:08.277|info|mqtt|qdfpcx】:流水号：068120000049_elecentfplist_917101447877_20230824162907,端口号8,全电发票查询成功
【2023-08-24 16:29:11.931|info|mqtt|qdfpcx】:流水号：068120000049_elecentfplist_917101447877_20230824162912,全电发票列表查询
【2023-08-24 16:29:13.635|info|mqtt|qdfpcx】:流水号：068120000049_elecentfplist_917101447877_20230824162912,端口号8,全电发票查询成功
【2023-08-24 16:29:17.036|info|mqtt|qdfpcx】:流水号：068120000049_elecentfplist_917101447877_20230824162917,全电发票列表查询
【2023-08-24 16:29:19.088|info|TAXLIB|invoice_query by cookie:error】:406初始化dppt服务器失败,错误状态为:-8
【2023-08-24 16:29:19.095|info|mqtt|qdfpcx】:流水号：068120000049_elecentfplist_917101447877_20230824162917,端口号8,全电发票查询失败
【2023-08-24 16:29:20.116|info|mqtt|qdgetcookies】:流水号：068120000049_elecserver_78af64c282e7473dd6836b6492b82485_20230824162920,全电获取cookies
【2023-08-24 16:29:23.594|info|mqtt|mqttgetclienthello】:流水号：068120000049_eleclienthello_20230824162924,获取clienthello
【2023-08-24 16:29:23.716|info|mqtt|mqttgetclienthello】:流水号：068120000049_eleclienthello_20230824162924,获取clienthello成功
【2023-08-24 16:29:23.722|info|mqtt|qdgetcookies】:流水号：068120000049_elecserver_78af64c282e7473dd6836b6492b82485_20230824162920,端口号8,全电获取cookies成功
【2023-08-24 16:29:24.187|info|mqtt|qdfpcx】:流水号：068120000049_elecentfplist_917101447877_20230824162924,全电发票列表查询
【2023-08-24 16:29:25.760|info|mqtt|qdfpcx】:流水号：068120000049_elecentfplist_917101447877_20230824162924,端口号8,全电发票查询成功
【2023-08-24 16:29:29.281|info|mqtt|qdfpcx】:流水号：068120000049_elecentfplist_917101447877_20230824162929,全电发票列表查询
【2023-08-24 16:29:30.089|info|SYSTEM|M服务查询同步】:【端口号：14,盘号：517005881208,名称：山西晋睿博诚建筑工程有限公司】,查询税盘发票同步信息,服务器应答处理失败
【2023-08-24 16:29:30.388|info|mqtt|mqttgetclientauth】:流水号：068120000049_eleclientauth_20230824162931,获取clientauth
【2023-08-24 16:29:30.511|info|mqtt|mqttgetclientauth】:流水号：068120000049_eleclientauth_20230824162931,获取clientauth失败
【2023-08-24 16:29:30.702|info|mqtt|qdfpcx】:流水号：068120000049_elecentfplist_917101447877_20230824162929,端口号8,全电发票查询成功
【2023-08-24 16:29:34.370|info|mqtt|qdfpcx】:流水号：068120000049_elecentfplist_917101447877_20230824162934,全电发票列表查询
【2023-08-24 16:29:36.474|info|mqtt|qdfpcx】:流水号：068120000049_elecentfplist_917101447877_20230824162934,端口号8,全电发票查询成功
【2023-08-24 16:29:40.486|info|mqtt|qdfpcx】:流水号：068120000049_elecentfplist_917101447877_20230824162940,全电发票列表查询
【2023-08-24 16:29:42.124|info|TAXLIB|invoice_query by cookie:error】:406初始化dppt服务器失败,错误状态为:-8
【2023-08-24 16:29:42.131|info|mqtt|qdfpcx】:流水号：068120000049_elecentfplist_917101447877_20230824162940,端口号8,全电发票查询失败
【2023-08-24 16:29:42.595|info|mqtt|qdgetcookies】:流水号：068120000049_elecserver_ec4b0c89933af23dfceec08f1ef52235_20230824162942,全电获取cookies
【2023-08-24 16:29:46.268|info|TAXLIB|get cookie:error:】:306接口请求失败,请检查请求参数后再次请求
【2023-08-24 16:29:46.275|info|mqtt|qdgetcookies】:流水号：068120000049_elecserver_ec4b0c89933af23dfceec08f1ef52235_20230824162942,端口号8,全电获取cookies失败
【2023-08-24 16:29:49.723|info|mqtt|qdgetcookies】:流水号：068120000049_elecserver_9555376c6132fb44af2364a7c99f2244_20230824162950,全电获取cookies
【2023-08-24 16:29:53.128|info|mqtt|qdgetcookies】:流水号：068120000049_elecserver_9555376c6132fb44af2364a7c99f2244_20230824162950,端口号8,全电获取cookies成功
【2023-08-24 16:29:53.787|info|mqtt|qdfpcx】:流水号：068120000049_elecentfplist_917101447877_20230824162954,全电发票列表查询
【2023-08-24 16:29:55.473|info|TAXLIB|invoice_query by cookie:error】:406初始化dppt服务器失败,错误状态为:-8
【2023-08-24 16:29:55.480|info|mqtt|qdfpcx】:流水号：068120000049_elecentfplist_917101447877_20230824162954,端口号8,全电发票查询失败
【2023-08-24 16:29:55.872|info|mqtt|qdgetcookies】:流水号：068120000049_elecserver_71115af903917586f24b3a69df7880fd_20230824162956,全电获取cookies
【2023-08-24 16:29:59.624|info|mqtt|qdgetcookies】:流水号：068120000049_elecserver_71115af903917586f24b3a69df7880fd_20230824162956,端口号8,全电获取cookies成功
【2023-08-24 16:29:59.936|info|mqtt|qdfpcx】:流水号：068120000049_elecentfplist_917101447877_20230824163000,全电发票列表查询
【2023-08-24 16:30:01.313|info|TAXLIB|invoice_query by cookie:error】:406初始化dppt服务器失败,错误状态为:-8
【2023-08-24 16:30:01.320|info|mqtt|qdfpcx】:流水号：068120000049_elecentfplist_917101447877_20230824163000,端口号8,全电发票查询失败
【2023-08-24 16:30:02.041|info|mqtt|qdgetcookies】:流水号：068120000049_elecserver_5e57ce08ee18678bd675290c9a675f19_20230824163002,全电获取cookies
【2023-08-24 16:30:05.584|info|TAXLIB|get cookie:error:】:306接口请求失败,请检查请求参数后再次请求
【2023-08-24 16:30:05.591|info|mqtt|qdgetcookies】:流水号：068120000049_elecserver_5e57ce08ee18678bd675290c9a675f19_20230824163002,端口号8,全电获取cookies失败
【2023-08-24 16:30:09.204|info|mqtt|qdgetcookies】:流水号：068120000049_elecserver_9c298109d8078825565c596e305f4670_20230824163009,全电获取cookies
【2023-08-24 16:30:13.140|info|mqtt|qdgetcookies】:流水号：068120000049_elecserver_9c298109d8078825565c596e305f4670_20230824163009,端口号8,全电获取cookies成功
【2023-08-24 16:30:13.307|info|mqtt|qdfpcx】:流水号：068120000049_elecentfplist_917101447877_20230824163013,全电发票列表查询
【2023-08-24 16:30:15.284|info|mqtt|qdfpcx】:流水号：068120000049_elecentfplist_917101447877_20230824163013,端口号8,全电发票查询成功
【2023-08-24 16:30:30.089|info|SYSTEM|M服务查询同步】:【端口号：14,盘号：517005881208,名称：山西晋睿博诚建筑工程有限公司】,查询税盘发票同步信息,服务器应答处理失败
【2023-08-24 16:31:30.089|info|SYSTEM|M服务查询同步】:【端口号：14,盘号：517005881208,名称：山西晋睿博诚建筑工程有限公司】,查询税盘发票同步信息,服务器应答处理失败
【2023-08-24 16:32:30.089|info|SYSTEM|M服务查询同步】:【端口号：14,盘号：517005881208,名称：山西晋睿博诚建筑工程有限公司】,查询税盘发票同步信息,服务器应答处理失败
【2023-08-24 16:33:30.089|info|SYSTEM|M服务查询同步】:【端口号：14,盘号：517005881208,名称：山西晋睿博诚建筑工程有限公司】,查询税盘发票同步信息,服务器应答处理失败
【2023-08-24 16:34:30.089|info|SYSTEM|M服务查询同步】:【端口号：14,盘号：517005881208,名称：山西晋睿博诚建筑工程有限公司】,查询税盘发票同步信息,服务器应答处理失败
【2023-08-24 16:35:30.089|info|SYSTEM|M服务查询同步】:【端口号：14,盘号：517005881208,名称：山西晋睿博诚建筑工程有限公司】,查询税盘发票同步信息,服务器应答处理失败
【2023-08-24 16:36:30.089|info|SYSTEM|M服务查询同步】:【端口号：14,盘号：517005881208,名称：山西晋睿博诚建筑工程有限公司】,查询税盘发票同步信息,服务器应答处理失败
【2023-08-24 16:37:30.090|info|SYSTEM|M服务查询同步】:【端口号：14,盘号：517005881208,名称：山西晋睿博诚建筑工程有限公司】,查询税盘发票同步信息,服务器应答处理失败
【2023-08-24 16:38:30.090|info|SYSTEM|M服务查询同步】:【端口号：14,盘号：517005881208,名称：山西晋睿博诚建筑工程有限公司】,查询税盘发票同步信息,服务器应答处理失败
【2023-08-24 16:39:30.096|info|SYSTEM|M服务查询同步】:【端口号：14,盘号：517005881208,名称：山西晋睿博诚建筑工程有限公司】,查询税盘发票同步信息,服务器应答处理失败
【2023-08-24 16:40:30.089|info|SYSTEM|M服务查询同步】:【端口号：14,盘号：517005881208,名称：山西晋睿博诚建筑工程有限公司】,查询税盘发票同步信息,服务器应答处理失败
【2023-08-24 16:41:30.089|info|SYSTEM|M服务查询同步】:【端口号：14,盘号：517005881208,名称：山西晋睿博诚建筑工程有限公司】,查询税盘发票同步信息,服务器应答处理失败
【2023-08-24 16:42:30.089|info|SYSTEM|M服务查询同步】:【端口号：14,盘号：517005881208,名称：山西晋睿博诚建筑工程有限公司】,查询税盘发票同步信息,服务器应答处理失败
【2023-08-24 16:43:30.089|info|SYSTEM|M服务查询同步】:【端口号：14,盘号：517005881208,名称：山西晋睿博诚建筑工程有限公司】,查询税盘发票同步信息,服务器应答处理失败
【2023-08-24 16:44:30.089|info|SYSTEM|M服务查询同步】:【端口号：14,盘号：517005881208,名称：山西晋睿博诚建筑工程有限公司】,查询税盘发票同步信息,服务器应答处理失败
【2023-08-24 16:45:30.089|info|SYSTEM|M服务查询同步】:【端口号：14,盘号：517005881208,名称：山西晋睿博诚建筑工程有限公司】,查询税盘发票同步信息,服务器应答处理失败
【2023-08-24 16:46:30.089|info|SYSTEM|M服务查询同步】:【端口号：14,盘号：517005881208,名称：山西晋睿博诚建筑工程有限公司】,查询税盘发票同步信息,服务器应答处理失败
【2023-08-24 16:47:30.089|info|SYSTEM|M服务查询同步】:【端口号：14,盘号：517005881208,名称：山西晋睿博诚建筑工程有限公司】,查询税盘发票同步信息,服务器应答处理失败
【2023-08-24 16:48:30.089|info|SYSTEM|M服务查询同步】:【端口号：14,盘号：517005881208,名称：山西晋睿博诚建筑工程有限公司】,查询税盘发票同步信息,服务器应答处理失败
【2023-08-24 16:49:30.089|info|SYSTEM|M服务查询同步】:【端口号：14,盘号：517005881208,名称：山西晋睿博诚建筑工程有限公司】,查询税盘发票同步信息,服务器应答处理失败
【2023-08-24 16:50:30.089|info|SYSTEM|M服务查询同步】:【端口号：14,盘号：517005881208,名称：山西晋睿博诚建筑工程有限公司】,查询税盘发票同步信息,服务器应答处理失败
【2023-08-24 16:51:30.089|info|SYSTEM|M服务查询同步】:【端口号：14,盘号：517005881208,名称：山西晋睿博诚建筑工程有限公司】,查询税盘发票同步信息,服务器应答处理失败
【2023-08-24 16:52:30.089|info|SYSTEM|M服务查询同步】:【端口号：14,盘号：517005881208,名称：山西晋睿博诚建筑工程有限公司】,查询税盘发票同步信息,服务器应答处理失败
【2023-08-24 16:53:30.089|info|SYSTEM|M服务查询同步】:【端口号：14,盘号：517005881208,名称：山西晋睿博诚建筑工程有限公司】,查询税盘发票同步信息,服务器应答处理失败
【2023-08-24 16:54:30.089|info|SYSTEM|M服务查询同步】:【端口号：14,盘号：517005881208,名称：山西晋睿博诚建筑工程有限公司】,查询税盘发票同步信息,服务器应答处理失败
【2023-08-24 16:55:30.090|info|SYSTEM|M服务查询同步】:【端口号：14,盘号：517005881208,名称：山西晋睿博诚建筑工程有限公司】,查询税盘发票同步信息,服务器应答处理失败
【2023-08-24 16:56:30.089|info|SYSTEM|M服务查询同步】:【端口号：14,盘号：517005881208,名称：山西晋睿博诚建筑工程有限公司】,查询税盘发票同步信息,服务器应答处理失败
【2023-08-24 16:57:30.089|info|SYSTEM|M服务查询同步】:【端口号：14,盘号：517005881208,名称：山西晋睿博诚建筑工程有限公司】,查询税盘发票同步信息,服务器应答处理失败
【2023-08-24 16:58:30.089|info|SYSTEM|M服务查询同步】:【端口号：14,盘号：517005881208,名称：山西晋睿博诚建筑工程有限公司】,查询税盘发票同步信息,服务器应答处理失败
【2023-08-24 16:59:30.089|info|SYSTEM|M服务查询同步】:【端口号：14,盘号：517005881208,名称：山西晋睿博诚建筑工程有限公司】,查询税盘发票同步信息,服务器应答处理失败
【2023-08-24 17:00:30.089|info|SYSTEM|M服务查询同步】:【端口号：14,盘号：517005881208,名称：山西晋睿博诚建筑工程有限公司】,查询税盘发票同步信息,服务器应答处理失败
【2023-08-24 17:01:30.089|info|SYSTEM|M服务查询同步】:【端口号：14,盘号：517005881208,名称：山西晋睿博诚建筑工程有限公司】,查询税盘发票同步信息,服务器应答处理失败
【2023-08-24 17:02:30.089|info|SYSTEM|M服务查询同步】:【端口号：14,盘号：517005881208,名称：山西晋睿博诚建筑工程有限公司】,查询税盘发票同步信息,服务器应答处理失败
【2023-08-24 17:03:30.089|info|SYSTEM|M服务查询同步】:【端口号：14,盘号：517005881208,名称：山西晋睿博诚建筑工程有限公司】,查询税盘发票同步信息,服务器应答处理失败
【2023-08-24 17:04:30.089|info|SYSTEM|M服务查询同步】:【端口号：14,盘号：517005881208,名称：山西晋睿博诚建筑工程有限公司】,查询税盘发票同步信息,服务器应答处理失败
【2023-08-24 17:05:30.089|info|SYSTEM|M服务查询同步】:【端口号：14,盘号：517005881208,名称：山西晋睿博诚建筑工程有限公司】,查询税盘发票同步信息,服务器应答处理失败
【2023-08-24 17:06:30.089|info|SYSTEM|M服务查询同步】:【端口号：14,盘号：517005881208,名称：山西晋睿博诚建筑工程有限公司】,查询税盘发票同步信息,服务器应答处理失败
【2023-08-24 17:07:30.089|info|SYSTEM|M服务查询同步】:【端口号：14,盘号：517005881208,名称：山西晋睿博诚建筑工程有限公司】,查询税盘发票同步信息,服务器应答处理失败
【2023-08-24 17:08:30.089|info|SYSTEM|M服务查询同步】:【端口号：14,盘号：517005881208,名称：山西晋睿博诚建筑工程有限公司】,查询税盘发票同步信息,服务器应答处理失败
【2023-08-24 17:09:30.089|info|SYSTEM|M服务查询同步】:【端口号：14,盘号：517005881208,名称：山西晋睿博诚建筑工程有限公司】,查询税盘发票同步信息,服务器应答处理失败
【2023-08-24 17:10:30.089|info|SYSTEM|M服务查询同步】:【端口号：14,盘号：517005881208,名称：山西晋睿博诚建筑工程有限公司】,查询税盘发票同步信息,服务器应答处理失败
【2023-08-24 17:11:30.089|info|SYSTEM|M服务查询同步】:【端口号：14,盘号：517005881208,名称：山西晋睿博诚建筑工程有限公司】,查询税盘发票同步信息,服务器应答处理失败
【2023-08-24 17:12:30.089|info|SYSTEM|M服务查询同步】:【端口号：14,盘号：517005881208,名称：山西晋睿博诚建筑工程有限公司】,查询税盘发票同步信息,服务器应答处理失败
【2023-08-24 17:13:30.089|info|SYSTEM|M服务查询同步】:【端口号：14,盘号：517005881208,名称：山西晋睿博诚建筑工程有限公司】,查询税盘发票同步信息,服务器应答处理失败
【2023-08-24 17:14:30.089|info|SYSTEM|M服务查询同步】:【端口号：14,盘号：517005881208,名称：山西晋睿博诚建筑工程有限公司】,查询税盘发票同步信息,服务器应答处理失败
【2023-08-24 17:15:30.089|info|SYSTEM|M服务查询同步】:【端口号：14,盘号：517005881208,名称：山西晋睿博诚建筑工程有限公司】,查询税盘发票同步信息,服务器应答处理失败
【2023-08-24 17:16:30.089|info|SYSTEM|M服务查询同步】:【端口号：14,盘号：517005881208,名称：山西晋睿博诚建筑工程有限公司】,查询税盘发票同步信息,服务器应答处理失败
【2023-08-24 17:17:30.089|info|SYSTEM|M服务查询同步】:【端口号：14,盘号：517005881208,名称：山西晋睿博诚建筑工程有限公司】,查询税盘发票同步信息,服务器应答处理失败
【2023-08-24 17:18:30.089|info|SYSTEM|M服务查询同步】:【端口号：14,盘号：517005881208,名称：山西晋睿博诚建筑工程有限公司】,查询税盘发票同步信息,服务器应答处理失败
【2023-08-24 17:19:30.089|info|SYSTEM|M服务查询同步】:【端口号：14,盘号：517005881208,名称：山西晋睿博诚建筑工程有限公司】,查询税盘发票同步信息,服务器应答处理失败
【2023-08-24 17:20:30.089|info|SYSTEM|M服务查询同步】:【端口号：14,盘号：517005881208,名称：山西晋睿博诚建筑工程有限公司】,查询税盘发票同步信息,服务器应答处理失败
【2023-08-24 17:21:30.089|info|SYSTEM|M服务查询同步】:【端口号：14,盘号：517005881208,名称：山西晋睿博诚建筑工程有限公司】,查询税盘发票同步信息,服务器应答处理失败
【2023-08-24 17:22:30.090|info|SYSTEM|M服务查询同步】:【端口号：14,盘号：517005881208,名称：山西晋睿博诚建筑工程有限公司】,查询税盘发票同步信息,服务器应答处理失败
【2023-08-24 17:23:30.089|info|SYSTEM|M服务查询同步】:【端口号：14,盘号：517005881208,名称：山西晋睿博诚建筑工程有限公司】,查询税盘发票同步信息,服务器应答处理失败
【2023-08-24 17:24:30.089|info|SYSTEM|M服务查询同步】:【端口号：14,盘号：517005881208,名称：山西晋睿博诚建筑工程有限公司】,查询税盘发票同步信息,服务器应答处理失败
【2023-08-24 17:25:30.089|info|SYSTEM|M服务查询同步】:【端口号：14,盘号：517005881208,名称：山西晋睿博诚建筑工程有限公司】,查询税盘发票同步信息,服务器应答处理失败
【2023-08-24 17:26:30.089|info|SYSTEM|M服务查询同步】:【端口号：14,盘号：517005881208,名称：山西晋睿博诚建筑工程有限公司】,查询税盘发票同步信息,服务器应答处理失败
【2023-08-24 17:27:30.089|info|SYSTEM|M服务查询同步】:【端口号：14,盘号：517005881208,名称：山西晋睿博诚建筑工程有限公司】,查询税盘发票同步信息,服务器应答处理失败
【2023-08-24 17:28:30.091|info|SYSTEM|M服务查询同步】:【端口号：14,盘号：517005881208,名称：山西晋睿博诚建筑工程有限公司】,查询税盘发票同步信息,服务器应答处理失败
【2023-08-24 17:29:30.089|info|SYSTEM|M服务查询同步】:【端口号：14,盘号：517005881208,名称：山西晋睿博诚建筑工程有限公司】,查询税盘发票同步信息,服务器应答处理失败
【2023-08-24 17:30:30.089|info|SYSTEM|M服务查询同步】:【端口号：14,盘号：517005881208,名称：山西晋睿博诚建筑工程有限公司】,查询税盘发票同步信息,服务器应答处理失败
【2023-08-24 17:31:30.089|info|SYSTEM|M服务查询同步】:【端口号：14,盘号：517005881208,名称：山西晋睿博诚建筑工程有限公司】,查询税盘发票同步信息,服务器应答处理失败
【2023-08-24 17:32:30.089|info|SYSTEM|M服务查询同步】:【端口号：14,盘号：517005881208,名称：山西晋睿博诚建筑工程有限公司】,查询税盘发票同步信息,服务器应答处理失败
【2023-08-24 17:33:30.089|info|SYSTEM|M服务查询同步】:【端口号：14,盘号：517005881208,名称：山西晋睿博诚建筑工程有限公司】,查询税盘发票同步信息,服务器应答处理失败
【2023-08-24 17:34:30.089|info|SYSTEM|M服务查询同步】:【端口号：14,盘号：517005881208,名称：山西晋睿博诚建筑工程有限公司】,查询税盘发票同步信息,服务器应答处理失败
【2023-08-24 17:35:30.089|info|SYSTEM|M服务查询同步】:【端口号：14,盘号：517005881208,名称：山西晋睿博诚建筑工程有限公司】,查询税盘发票同步信息,服务器应答处理失败
【2023-08-24 17:36:30.089|info|SYSTEM|M服务查询同步】:【端口号：14,盘号：517005881208,名称：山西晋睿博诚建筑工程有限公司】,查询税盘发票同步信息,服务器应答处理失败
【2023-08-24 17:37:30.089|info|SYSTEM|M服务查询同步】:【端口号：14,盘号：517005881208,名称：山西晋睿博诚建筑工程有限公司】,查询税盘发票同步信息,服务器应答处理失败
【2023-08-24 17:38:30.089|info|SYSTEM|M服务查询同步】:【端口号：14,盘号：517005881208,名称：山西晋睿博诚建筑工程有限公司】,查询税盘发票同步信息,服务器应答处理失败
【2023-08-24 17:39:30.089|info|SYSTEM|M服务查询同步】:【端口号：14,盘号：517005881208,名称：山西晋睿博诚建筑工程有限公司】,查询税盘发票同步信息,服务器应答处理失败
【2023-08-24 17:40:30.089|info|SYSTEM|M服务查询同步】:【端口号：14,盘号：517005881208,名称：山西晋睿博诚建筑工程有限公司】,查询税盘发票同步信息,服务器应答处理失败
【2023-08-24 17:41:30.089|info|SYSTEM|M服务查询同步】:【端口号：14,盘号：517005881208,名称：山西晋睿博诚建筑工程有限公司】,查询税盘发票同步信息,服务器应答处理失败
【2023-08-24 17:42:30.089|info|SYSTEM|M服务查询同步】:【端口号：14,盘号：517005881208,名称：山西晋睿博诚建筑工程有限公司】,查询税盘发票同步信息,服务器应答处理失败
【2023-08-24 17:43:30.089|info|SYSTEM|M服务查询同步】:【端口号：14,盘号：517005881208,名称：山西晋睿博诚建筑工程有限公司】,查询税盘发票同步信息,服务器应答处理失败
【2023-08-24 17:44:30.090|info|SYSTEM|M服务查询同步】:【端口号：14,盘号：517005881208,名称：山西晋睿博诚建筑工程有限公司】,查询税盘发票同步信息,服务器应答处理失败
【2023-08-24 17:45:30.089|info|SYSTEM|M服务查询同步】:【端口号：14,盘号：517005881208,名称：山西晋睿博诚建筑工程有限公司】,查询税盘发票同步信息,服务器应答处理失败
【2023-08-24 17:46:30.089|info|SYSTEM|M服务查询同步】:【端口号：14,盘号：517005881208,名称：山西晋睿博诚建筑工程有限公司】,查询税盘发票同步信息,服务器应答处理失败
【2023-08-24 17:47:30.089|info|SYSTEM|M服务查询同步】:【端口号：14,盘号：517005881208,名称：山西晋睿博诚建筑工程有限公司】,查询税盘发票同步信息,服务器应答处理失败
【2023-08-24 17:48:30.089|info|SYSTEM|M服务查询同步】:【端口号：14,盘号：517005881208,名称：山西晋睿博诚建筑工程有限公司】,查询税盘发票同步信息,服务器应答处理失败
【2023-08-24 17:49:30.089|info|SYSTEM|M服务查询同步】:【端口号：14,盘号：517005881208,名称：山西晋睿博诚建筑工程有限公司】,查询税盘发票同步信息,服务器应答处理失败
【2023-08-24 17:50:30.089|info|SYSTEM|M服务查询同步】:【端口号：14,盘号：517005881208,名称：山西晋睿博诚建筑工程有限公司】,查询税盘发票同步信息,服务器应答处理失败
【2023-08-24 17:51:30.089|info|SYSTEM|M服务查询同步】:【端口号：14,盘号：517005881208,名称：山西晋睿博诚建筑工程有限公司】,查询税盘发票同步信息,服务器应答处理失败
【2023-08-24 17:52:30.089|info|SYSTEM|M服务查询同步】:【端口号：14,盘号：517005881208,名称：山西晋睿博诚建筑工程有限公司】,查询税盘发票同步信息,服务器应答处理失败
【2023-08-24 17:53:30.089|info|SYSTEM|M服务查询同步】:【端口号：14,盘号：517005881208,名称：山西晋睿博诚建筑工程有限公司】,查询税盘发票同步信息,服务器应答处理失败
【2023-08-24 17:54:30.089|info|SYSTEM|M服务查询同步】:【端口号：14,盘号：517005881208,名称：山西晋睿博诚建筑工程有限公司】,查询税盘发票同步信息,服务器应答处理失败
【2023-08-24 17:55:30.089|info|SYSTEM|M服务查询同步】:【端口号：14,盘号：517005881208,名称：山西晋睿博诚建筑工程有限公司】,查询税盘发票同步信息,服务器应答处理失败
【2023-08-24 17:56:30.089|info|SYSTEM|M服务查询同步】:【端口号：14,盘号：517005881208,名称：山西晋睿博诚建筑工程有限公司】,查询税盘发票同步信息,服务器应答处理失败
【2023-08-24 17:57:30.089|info|SYSTEM|M服务查询同步】:【端口号：14,盘号：517005881208,名称：山西晋睿博诚建筑工程有限公司】,查询税盘发票同步信息,服务器应答处理失败
【2023-08-24 17:58:30.089|info|SYSTEM|M服务查询同步】:【端口号：14,盘号：517005881208,名称：山西晋睿博诚建筑工程有限公司】,查询税盘发票同步信息,服务器应答处理失败
【2023-08-24 17:59:30.089|info|SYSTEM|M服务查询同步】:【端口号：14,盘号：517005881208,名称：山西晋睿博诚建筑工程有限公司】,查询税盘发票同步信息,服务器应答处理失败
【2023-08-24 18:00:30.089|info|SYSTEM|M服务查询同步】:【端口号：14,盘号：517005881208,名称：山西晋睿博诚建筑工程有限公司】,查询税盘发票同步信息,服务器应答处理失败
【2023-08-24 18:01:30.089|info|SYSTEM|M服务查询同步】:【端口号：14,盘号：517005881208,名称：山西晋睿博诚建筑工程有限公司】,查询税盘发票同步信息,服务器应答处理失败
【2023-08-24 18:02:30.089|info|SYSTEM|M服务查询同步】:【端口号：14,盘号：517005881208,名称：山西晋睿博诚建筑工程有限公司】,查询税盘发票同步信息,服务器应答处理失败
【2023-08-24 18:03:30.089|info|SYSTEM|M服务查询同步】:【端口号：14,盘号：517005881208,名称：山西晋睿博诚建筑工程有限公司】,查询税盘发票同步信息,服务器应答处理失败
【2023-08-24 18:03:53.206|info|mqtt|mqttgetclienthello】:流水号：068120000049_eleclienthello_20230824180354,获取clienthello
【2023-08-24 18:03:53.328|info|mqtt|mqttgetclienthello】:流水号：068120000049_eleclienthello_20230824180354,获取clienthello成功
【2023-08-24 18:04:15.775|info|mqtt|mqttgetclientauth】:流水号：068120000049_eleclientauth_20230824180416,获取clientauth
【2023-08-24 18:04:15.897|info|mqtt|mqttgetclientauth】:流水号：068120000049_eleclientauth_20230824180416,获取clientauth失败
【2023-08-24 18:04:30.089|info|SYSTEM|M服务查询同步】:【端口号：14,盘号：517005881208,名称：山西晋睿博诚建筑工程有限公司】,查询税盘发票同步信息,服务器应答处理失败
【2023-08-24 18:05:30.089|info|SYSTEM|M服务查询同步】:【端口号：14,盘号：517005881208,名称：山西晋睿博诚建筑工程有限公司】,查询税盘发票同步信息,服务器应答处理失败
【2023-08-24 18:05:59.325|info|mqtt|mqttgetclienthello】:流水号：068120000049_eleclienthello_20230824180600,获取clienthello
【2023-08-24 18:05:59.447|info|mqtt|mqttgetclienthello】:流水号：068120000049_eleclienthello_20230824180600,获取clienthello成功
【2023-08-24 18:06:19.804|info|mqtt|mqttgetclientauth】:流水号：068120000049_eleclientauth_20230824180621,获取clientauth
【2023-08-24 18:06:19.926|info|mqtt|mqttgetclientauth】:流水号：068120000049_eleclientauth_20230824180621,获取clientauth失败
【2023-08-24 18:06:30.090|info|SYSTEM|M服务查询同步】:【端口号：14,盘号：517005881208,名称：山西晋睿博诚建筑工程有限公司】,查询税盘发票同步信息,服务器应答处理失败
【2023-08-24 18:07:30.089|info|SYSTEM|M服务查询同步】:【端口号：14,盘号：517005881208,名称：山西晋睿博诚建筑工程有限公司】,查询税盘发票同步信息,服务器应答处理失败
【2023-08-24 18:08:30.090|info|SYSTEM|M服务查询同步】:【端口号：14,盘号：517005881208,名称：山西晋睿博诚建筑工程有限公司】,查询税盘发票同步信息,服务器应答处理失败
【2023-08-24 18:09:30.089|info|SYSTEM|M服务查询同步】:【端口号：14,盘号：517005881208,名称：山西晋睿博诚建筑工程有限公司】,查询税盘发票同步信息,服务器应答处理失败
